# JRE version: OpenJDK Runtime Environment (8.0_152-b02) (build 1.8.0_152-release-1024-b02)
# Java VM: OpenJDK 64-Bit Server VM (25.152-b02 mixed mode windows-amd64 compressed oops)
Heap:
 PSYoungGen      total 413696K, used 343025K [0x00000000e0000000, 0x0000000100000000, 0x0000000100000000)
  eden space 387584K, 88% used [0x00000000e0000000,0x00000000f4efc400,0x00000000f7a80000)
  from space 26112K, 0% used [0x00000000f9780000,0x00000000f9780000,0x00000000fb100000)
  to   space 29696K, 0% used [0x00000000f7a80000,0x00000000f7a80000,0x00000000f9780000)
 ParOldGen       total 371200K, used 41143K [0x00000000a0000000, 0x00000000b6a80000, 0x00000000e0000000)
  object space 371200K, 11% used [0x00000000a0000000,0x00000000a282dcb0,0x00000000b6a80000)
 Metaspace       used 99942K, capacity 104346K, committed 108160K, reserved 1142784K
  class space    used 12738K, capacity 13659K, committed 14464K, reserved 1048576K
GC Heap History (10 events):
Event: 4371.719 GC heap before
{Heap before GC invocations=24 (full 3):
 PSYoungGen      total 440832K, used 425281K [0x00000000e0000000, 0x00000000fd200000, 0x0000000100000000)
  eden space 418816K, 100% used [0x00000000e0000000,0x00000000f9900000,0x00000000f9900000)
  from space 22016K, 29% used [0x00000000fbc80000,0x00000000fc2d0438,0x00000000fd200000)
  to   space 29184K, 0% used [0x00000000f9900000,0x00000000f9900000,0x00000000fb580000)
 ParOldGen       total 306688K, used 49291K [0x00000000a0000000, 0x00000000b2b80000, 0x00000000e0000000)
  object space 306688K, 16% used [0x00000000a0000000,0x00000000a3022c90,0x00000000b2b80000)
 Metaspace       used 80550K, capacity 85354K, committed 85376K, reserved 1124352K
  class space    used 10505K, capacity 11376K, committed 11392K, reserved 1048576K
Event: 4371.730 GC heap after
Heap after GC invocations=24 (full 3):
 PSYoungGen      total 420352K, used 14204K [0x00000000e0000000, 0x00000000fc380000, 0x0000000100000000)
  eden space 406016K, 0% used [0x00000000e0000000,0x00000000e0000000,0x00000000f8c80000)
  from space 14336K, 99% used [0x00000000f9900000,0x00000000fa6df240,0x00000000fa700000)
  to   space 28160K, 0% used [0x00000000fa800000,0x00000000fa800000,0x00000000fc380000)
 ParOldGen       total 306688K, used 49363K [0x00000000a0000000, 0x00000000b2b80000, 0x00000000e0000000)
  object space 306688K, 16% used [0x00000000a0000000,0x00000000a3034c90,0x00000000b2b80000)
 Metaspace       used 80550K, capacity 85354K, committed 85376K, reserved 1124352K
  class space    used 10505K, capacity 11376K, committed 11392K, reserved 1048576K
}
Event: 5283.427 GC heap before
{Heap before GC invocations=25 (full 3):
 PSYoungGen      total 420352K, used 420220K [0x00000000e0000000, 0x00000000fc380000, 0x0000000100000000)
  eden space 406016K, 100% used [0x00000000e0000000,0x00000000f8c80000,0x00000000f8c80000)
  from space 14336K, 99% used [0x00000000f9900000,0x00000000fa6df240,0x00000000fa700000)
  to   space 28160K, 0% used [0x00000000fa800000,0x00000000fa800000,0x00000000fc380000)
 ParOldGen       total 306688K, used 49363K [0x00000000a0000000, 0x00000000b2b80000, 0x00000000e0000000)
  object space 306688K, 16% used [0x00000000a0000000,0x00000000a3034c90,0x00000000b2b80000)
 Metaspace       used 82264K, capacity 88056K, committed 88192K, reserved 1126400K
  class space    used 10767K, capacity 11828K, committed 11904K, reserved 1048576K
Event: 5283.434 GC heap after
Heap after GC invocations=25 (full 3):
 PSYoungGen      total 408576K, used 4924K [0x00000000e0000000, 0x00000000fb680000, 0x0000000100000000)
  eden space 393728K, 0% used [0x00000000e0000000,0x00000000e0000000,0x00000000f8080000)
  from space 14848K, 33% used [0x00000000fa800000,0x00000000faccf188,0x00000000fb680000)
  to   space 27648K, 0% used [0x00000000f8080000,0x00000000f8080000,0x00000000f9b80000)
 ParOldGen       total 306688K, used 49371K [0x00000000a0000000, 0x00000000b2b80000, 0x00000000e0000000)
  object space 306688K, 16% used [0x00000000a0000000,0x00000000a3036c90,0x00000000b2b80000)
 Metaspace       used 82264K, capacity 88056K, committed 88192K, reserved 1126400K
  class space    used 10767K, capacity 11828K, committed 11904K, reserved 1048576K
}
Event: 7076.772 GC heap before
{Heap before GC invocations=26 (full 3):
 PSYoungGen      total 408576K, used 398652K [0x00000000e0000000, 0x00000000fb680000, 0x0000000100000000)
  eden space 393728K, 100% used [0x00000000e0000000,0x00000000f8080000,0x00000000f8080000)
  from space 14848K, 33% used [0x00000000fa800000,0x00000000faccf188,0x00000000fb680000)
  to   space 27648K, 0% used [0x00000000f8080000,0x00000000f8080000,0x00000000f9b80000)
 ParOldGen       total 306688K, used 49371K [0x00000000a0000000, 0x00000000b2b80000, 0x00000000e0000000)
  object space 306688K, 16% used [0x00000000a0000000,0x00000000a3036c90,0x00000000b2b80000)
 Metaspace       used 88428K, capacity 94714K, committed 94976K, reserved 1132544K
  class space    used 11574K, capacity 12773K, committed 12800K, reserved 1048576K
Event: 7076.796 GC heap after
Heap after GC invocations=26 (full 3):
 PSYoungGen      total 405504K, used 23448K [0x00000000e0000000, 0x00000000fb100000, 0x0000000100000000)
  eden space 381952K, 0% used [0x00000000e0000000,0x00000000e0000000,0x00000000f7500000)
  from space 23552K, 99% used [0x00000000f8080000,0x00000000f97662e0,0x00000000f9780000)
  to   space 26112K, 0% used [0x00000000f9780000,0x00000000f9780000,0x00000000fb100000)
 ParOldGen       total 306688K, used 49379K [0x00000000a0000000, 0x00000000b2b80000, 0x00000000e0000000)
  object space 306688K, 16% used [0x00000000a0000000,0x00000000a3038c90,0x00000000b2b80000)
 Metaspace       used 88428K, capacity 94714K, committed 94976K, reserved 1132544K
  class space    used 11574K, capacity 12773K, committed 12800K, reserved 1048576K
}
Event: 7077.214 GC heap before
{Heap before GC invocations=27 (full 3):
 PSYoungGen      total 405504K, used 51186K [0x00000000e0000000, 0x00000000fb100000, 0x0000000100000000)
  eden space 381952K, 7% used [0x00000000e0000000,0x00000000e1b167b8,0x00000000f7500000)
  from space 23552K, 99% used [0x00000000f8080000,0x00000000f97662e0,0x00000000f9780000)
  to   space 26112K, 0% used [0x00000000f9780000,0x00000000f9780000,0x00000000fb100000)
 ParOldGen       total 306688K, used 49379K [0x00000000a0000000, 0x00000000b2b80000, 0x00000000e0000000)
  object space 306688K, 16% used [0x00000000a0000000,0x00000000a3038c90,0x00000000b2b80000)
 Metaspace       used 91904K, capacity 98222K, committed 98380K, reserved 1134592K
  class space    used 11986K, capacity 13196K, committed 13312K, reserved 1048576K
Event: 7077.232 GC heap after
Heap after GC invocations=27 (full 3):
 PSYoungGen      total 413696K, used 14854K [0x00000000e0000000, 0x0000000100000000, 0x0000000100000000)
  eden space 387584K, 0% used [0x00000000e0000000,0x00000000e0000000,0x00000000f7a80000)
  from space 26112K, 56% used [0x00000000f9780000,0x00000000fa601980,0x00000000fb100000)
  to   space 29696K, 0% used [0x00000000f7a80000,0x00000000f7a80000,0x00000000f9780000)
 ParOldGen       total 306688K, used 49387K [0x00000000a0000000, 0x00000000b2b80000, 0x00000000e0000000)
  object space 306688K, 16% used [0x00000000a0000000,0x00000000a303ac90,0x00000000b2b80000)
 Metaspace       used 91904K, capacity 98222K, committed 98380K, reserved 1134592K
  class space    used 11986K, capacity 13196K, committed 13312K, reserved 1048576K
}
Event: 7077.232 GC heap before
{Heap before GC invocations=28 (full 4):
 PSYoungGen      total 413696K, used 14854K [0x00000000e0000000, 0x0000000100000000, 0x0000000100000000)
  eden space 387584K, 0% used [0x00000000e0000000,0x00000000e0000000,0x00000000f7a80000)
  from space 26112K, 56% used [0x00000000f9780000,0x00000000fa601980,0x00000000fb100000)
  to   space 29696K, 0% used [0x00000000f7a80000,0x00000000f7a80000,0x00000000f9780000)
 ParOldGen       total 306688K, used 49387K [0x00000000a0000000, 0x00000000b2b80000, 0x00000000e0000000)
  object space 306688K, 16% used [0x00000000a0000000,0x00000000a303ac90,0x00000000b2b80000)
 Metaspace       used 91904K, capacity 98222K, committed 98380K, reserved 1134592K
  class space    used 11986K, capacity 13196K, committed 13312K, reserved 1048576K
Event: 7077.464 GC heap after
Heap after GC invocations=28 (full 4):
 PSYoungGen      total 413696K, used 0K [0x00000000e0000000, 0x0000000100000000, 0x0000000100000000)
  eden space 387584K, 0% used [0x00000000e0000000,0x00000000e0000000,0x00000000f7a80000)
  from space 26112K, 0% used [0x00000000f9780000,0x00000000f9780000,0x00000000fb100000)
  to   space 29696K, 0% used [0x00000000f7a80000,0x00000000f7a80000,0x00000000f9780000)
 ParOldGen       total 371200K, used 41143K [0x00000000a0000000, 0x00000000b6a80000, 0x00000000e0000000)
  object space 371200K, 11% used [0x00000000a0000000,0x00000000a282dcb0,0x00000000b6a80000)
 Metaspace       used 88591K, capacity 91656K, committed 98380K, reserved 1134592K
  class space    used 11196K, capacity 11876K, committed 13312K, reserved 1048576K
}

